​ [HMR] Waiting for update signal from WDS...
​ added 0
​ added 0
​ added 0
​ added 0
​ added 0
​ Object
​ src\app\App.js
  Line 28:6:  React Hook useEffect has a missing dependency: 'info'. Either include it or remove the dependency array  react-hooks/exhaustive-deps

src\app\algorithms.js
  Line 230:6:  React Hook useEffect has missing dependencies: 'algorithm' and 'executeAlgorithm'. Either include them or remove the dependency array  react-hooks/exhaustive-deps

src\app\components\Map.js
  Line 455:6:  React Hook useEffect has missing dependencies: 'populationInFaultRegion' and 'setIsCompleted'. Either include them or remove the dependency array. If 'setIsCompleted' changes too often, find the parent component that defines it and wrap that definition in useCallback  react-hooks/exhaustive-deps
  Line 643:6:  React Hook useEffect has missing dependencies: 'mapBounds' and 'viewport'. Either include them or remove the dependency array                                                                                                                                                react-hooks/exhaustive-deps

src\app\data\earthquake.js
  Line 2:20:  'point' is defined but never used  no-unused-vars
printWarnings @ vendors~main.chunk.js:75119
​ Error
console.<computed> @ vendors~main.chunk.js:102786
​ Error
console.<computed> @ vendors~main.chunk.js:102786
​ src\app\App.js
  Line 28:6:  React Hook useEffect has a missing dependency: 'info'. Either include it or remove the dependency array  react-hooks/exhaustive-deps

src\app\algorithms.js
  Line 230:6:  React Hook useEffect has missing dependencies: 'algorithm' and 'executeAlgorithm'. Either include them or remove the dependency array  react-hooks/exhaustive-deps

src\app\components\Map.js
  Line 455:6:  React Hook useEffect has missing dependencies: 'populationInFaultRegion' and 'setIsCompleted'. Either include them or remove the dependency array. If 'setIsCompleted' changes too often, find the parent component that defines it and wrap that definition in useCallback  react-hooks/exhaustive-deps
  Line 643:6:  React Hook useEffect has missing dependencies: 'mapBounds' and 'viewport'. Either include them or remove the dependency array                                                                                                                                                react-hooks/exhaustive-deps

src\app\data\earthquake.js
  Line 2:20:  'point' is defined but never used  no-unused-vars
printWarnings @ vendors~main.chunk.js:75119
​ Error: The layer 'population-inside-layer' does not exist in the map's style and cannot be queried for features.
    at Be.queryRenderedFeatures (vendors~main.chunk.js:62584)
    at Map.queryRenderedFeatures (vendors~main.chunk.js:70046)
    at Object.getFeatures (vendors~main.chunk.js:104897)
    at Object.onPointerMove (vendors~main.chunk.js:104930)
    at EventRegistrar._emit (vendors~main.chunk.js:72258)
    at EventRegistrar.handleEvent (vendors~main.chunk.js:72232)
    at Manager.emit (vendors~main.chunk.js:38252)
    at EventManager._onOtherEvent (vendors~main.chunk.js:71612)
    at MoveInput.handleMoveEvent (vendors~main.chunk.js:71952)
    at MoveInput.handleEvent (vendors~main.chunk.js:71890)
console.<computed> @ vendors~main.chunk.js:102786
​ Error: The layer 'population-inside-layer' does not exist in the map's style and cannot be queried for features.
    at Be.queryRenderedFeatures (vendors~main.chunk.js:62584)
    at Map.queryRenderedFeatures (vendors~main.chunk.js:70046)
    at Object.getFeatures (vendors~main.chunk.js:104897)
    at Object.onPointerMove (vendors~main.chunk.js:104930)
    at EventRegistrar._emit (vendors~main.chunk.js:72258)
    at EventRegistrar.handleEvent (vendors~main.chunk.js:72232)
    at Manager.emit (vendors~main.chunk.js:38252)
    at EventManager._onOtherEvent (vendors~main.chunk.js:71612)
    at MoveInput.handleMoveEvent (vendors~main.chunk.js:71952)
    at MoveInput.handleEvent (vendors~main.chunk.js:71890)
console.<computed> @ vendors~main.chunk.js:102786
​ added 0
​ added 0
​ added 0
​ added 0
​ added 0
​ Error: The layer 'population-inside-layer' does not exist in the map's style and cannot be queried for features.
    at Be.queryRenderedFeatures (vendors~main.chunk.js:62584)
    at Map.queryRenderedFeatures (vendors~main.chunk.js:70046)
    at Object.getFeatures (vendors~main.chunk.js:104897)
    at Object.onPointerMove (vendors~main.chunk.js:104930)
    at EventRegistrar._emit (vendors~main.chunk.js:72258)
    at EventRegistrar.handleEvent (vendors~main.chunk.js:72232)
    at Manager.emit (vendors~main.chunk.js:38252)
    at EventManager._onOtherEvent (vendors~main.chunk.js:71612)
    at MoveInput.handleMoveEvent (vendors~main.chunk.js:71952)
    at MoveInput.handleEvent (vendors~main.chunk.js:71890)
console.<computed> @ vendors~main.chunk.js:102786
​ Error: The layer 'population-inside-layer' does not exist in the map's style and cannot be queried for features.
    at Be.queryRenderedFeatures (vendors~main.chunk.js:62584)
    at Map.queryRenderedFeatures (vendors~main.chunk.js:70046)
    at Object.getFeatures (vendors~main.chunk.js:104897)
    at Object.onPointerMove (vendors~main.chunk.js:104930)
    at EventRegistrar._emit (vendors~main.chunk.js:72258)
    at EventRegistrar.handleEvent (vendors~main.chunk.js:72232)
    at Manager.emit (vendors~main.chunk.js:38252)
    at EventManager._onOtherEvent (vendors~main.chunk.js:71612)
    at MoveInput.handleMoveEvent (vendors~main.chunk.js:71952)
    at MoveInput.handleEvent (vendors~main.chunk.js:71890)
console.<computed> @ vendors~main.chunk.js:102786
​ Error: The layer 'population-inside-layer' does not exist in the map's style and cannot be queried for features.
    at Be.queryRenderedFeatures (vendors~main.chunk.js:62584)
    at Map.queryRenderedFeatures (vendors~main.chunk.js:70046)
    at Object.getFeatures (vendors~main.chunk.js:104897)
    at Object.onPointerMove (vendors~main.chunk.js:104930)
    at EventRegistrar._emit (vendors~main.chunk.js:72258)
    at EventRegistrar.handleEvent (vendors~main.chunk.js:72232)
    at Manager.emit (vendors~main.chunk.js:38252)
    at EventManager._onOtherEvent (vendors~main.chunk.js:71612)
    at MoveInput.handleMoveEvent (vendors~main.chunk.js:71952)
    at MoveInput.handleEvent (vendors~main.chunk.js:71890)
console.<computed> @ vendors~main.chunk.js:102786
​ Error: The layer 'population-inside-layer' does not exist in the map's style and cannot be queried for features.
    at Be.queryRenderedFeatures (vendors~main.chunk.js:62584)
    at Map.queryRenderedFeatures (vendors~main.chunk.js:70046)
    at Object.getFeatures (vendors~main.chunk.js:104897)
    at Object.onPointerMove (vendors~main.chunk.js:104930)
    at EventRegistrar._emit (vendors~main.chunk.js:72258)
    at EventRegistrar.handleEvent (vendors~main.chunk.js:72232)
    at Manager.emit (vendors~main.chunk.js:38252)
    at EventManager._onOtherEvent (vendors~main.chunk.js:71612)
    at MoveInput.handleMoveEvent (vendors~main.chunk.js:71952)
    at MoveInput.handleEvent (vendors~main.chunk.js:71890)
console.<computed> @ vendors~main.chunk.js:102786
​ Error: The layer 'population-inside-layer' does not exist in the map's style and cannot be queried for features.
    at Be.queryRenderedFeatures (vendors~main.chunk.js:62584)
    at Map.queryRenderedFeatures (vendors~main.chunk.js:70046)
    at Object.getFeatures (vendors~main.chunk.js:104897)
    at Object.onPointerMove (vendors~main.chunk.js:104930)
    at EventRegistrar._emit (vendors~main.chunk.js:72258)
    at EventRegistrar.handleEvent (vendors~main.chunk.js:72232)
    at Manager.emit (vendors~main.chunk.js:38252)
    at EventManager._onOtherEvent (vendors~main.chunk.js:71612)
    at MoveInput.handleMoveEvent (vendors~main.chunk.js:71952)
    at MoveInput.handleEvent (vendors~main.chunk.js:71890)
console.<computed> @ vendors~main.chunk.js:102786
​ Error: The layer 'population-inside-layer' does not exist in the map's style and cannot be queried for features.
    at Be.queryRenderedFeatures (vendors~main.chunk.js:62584)
    at Map.queryRenderedFeatures (vendors~main.chunk.js:70046)
    at Object.getFeatures (vendors~main.chunk.js:104897)
    at Object.onPointerMove (vendors~main.chunk.js:104930)
    at EventRegistrar._emit (vendors~main.chunk.js:72258)
    at EventRegistrar.handleEvent (vendors~main.chunk.js:72232)
    at Manager.emit (vendors~main.chunk.js:38252)
    at EventManager._onOtherEvent (vendors~main.chunk.js:71612)
    at MoveInput.handleMoveEvent (vendors~main.chunk.js:71952)
    at MoveInput.handleEvent (vendors~main.chunk.js:71890)
console.<computed> @ vendors~main.chunk.js:102786
​ Error: The layer 'population-inside-layer' does not exist in the map's style and cannot be queried for features.
    at Be.queryRenderedFeatures (vendors~main.chunk.js:62584)
    at Map.queryRenderedFeatures (vendors~main.chunk.js:70046)
    at Object.getFeatures (vendors~main.chunk.js:104897)
    at Object.onPointerMove (vendors~main.chunk.js:104930)
    at EventRegistrar._emit (vendors~main.chunk.js:72258)
    at EventRegistrar.handleEvent (vendors~main.chunk.js:72232)
    at Manager.emit (vendors~main.chunk.js:38252)
    at EventManager._onOtherEvent (vendors~main.chunk.js:71612)
    at MoveInput.handleMoveEvent (vendors~main.chunk.js:71952)
    at MoveInput.handleEvent (vendors~main.chunk.js:71890)
console.<computed> @ vendors~main.chunk.js:102786
​ Error: The layer 'population-inside-layer' does not exist in the map's style and cannot be queried for features.
    at Be.queryRenderedFeatures (vendors~main.chunk.js:62584)
    at Map.queryRenderedFeatures (vendors~main.chunk.js:70046)
    at Object.getFeatures (vendors~main.chunk.js:104897)
    at Object.onPointerMove (vendors~main.chunk.js:104930)
    at EventRegistrar._emit (vendors~main.chunk.js:72258)
    at EventRegistrar.handleEvent (vendors~main.chunk.js:72232)
    at Manager.emit (vendors~main.chunk.js:38252)
    at EventManager._onOtherEvent (vendors~main.chunk.js:71612)
    at MoveInput.handleMoveEvent (vendors~main.chunk.js:71952)
    at MoveInput.handleEvent (vendors~main.chunk.js:71890)
console.<computed> @ vendors~main.chunk.js:102786
​ Error: The layer 'population-inside-layer' does not exist in the map's style and cannot be queried for features.
    at Be.queryRenderedFeatures (vendors~main.chunk.js:62584)
    at Map.queryRenderedFeatures (vendors~main.chunk.js:70046)
    at Object.getFeatures (vendors~main.chunk.js:104897)
    at Object.onPointerMove (vendors~main.chunk.js:104930)
    at EventRegistrar._emit (vendors~main.chunk.js:72258)
    at EventRegistrar.handleEvent (vendors~main.chunk.js:72232)
    at Manager.emit (vendors~main.chunk.js:38252)
    at EventManager._onOtherEvent (vendors~main.chunk.js:71612)
    at MoveInput.handleMoveEvent (vendors~main.chunk.js:71952)
    at MoveInput.handleEvent (vendors~main.chunk.js:71890)
console.<computed> @ vendors~main.chunk.js:102786
​ Error: The layer 'population-inside-layer' does not exist in the map's style and cannot be queried for features.
    at Be.queryRenderedFeatures (vendors~main.chunk.js:62584)
    at Map.queryRenderedFeatures (vendors~main.chunk.js:70046)
    at Object.getFeatures (vendors~main.chunk.js:104897)
    at Object.onPointerMove (vendors~main.chunk.js:104930)
    at EventRegistrar._emit (vendors~main.chunk.js:72258)
    at EventRegistrar.handleEvent (vendors~main.chunk.js:72232)
    at Manager.emit (vendors~main.chunk.js:38252)
    at EventManager._onOtherEvent (vendors~main.chunk.js:71612)
    at MoveInput.handleMoveEvent (vendors~main.chunk.js:71952)
    at MoveInput.handleEvent (vendors~main.chunk.js:71890)
console.<computed> @ vendors~main.chunk.js:102786
​ Error: The layer 'population-inside-layer' does not exist in the map's style and cannot be queried for features.
    at Be.queryRenderedFeatures (vendors~main.chunk.js:62584)
    at Map.queryRenderedFeatures (vendors~main.chunk.js:70046)
    at Object.getFeatures (vendors~main.chunk.js:104897)
    at Object.onPointerMove (vendors~main.chunk.js:104930)
    at EventRegistrar._emit (vendors~main.chunk.js:72258)
    at EventRegistrar.handleEvent (vendors~main.chunk.js:72232)
    at Manager.emit (vendors~main.chunk.js:38252)
    at EventManager._onOtherEvent (vendors~main.chunk.js:71612)
    at MoveInput.handleMoveEvent (vendors~main.chunk.js:71952)
    at MoveInput.handleEvent (vendors~main.chunk.js:71890)
console.<computed> @ vendors~main.chunk.js:102786
​ Error: The layer 'population-inside-layer' does not exist in the map's style and cannot be queried for features.
    at Be.queryRenderedFeatures (vendors~main.chunk.js:62584)
    at Map.queryRenderedFeatures (vendors~main.chunk.js:70046)
    at Object.getFeatures (vendors~main.chunk.js:104897)
    at Object.onPointerMove (vendors~main.chunk.js:104930)
    at EventRegistrar._emit (vendors~main.chunk.js:72258)
    at EventRegistrar.handleEvent (vendors~main.chunk.js:72232)
    at Manager.emit (vendors~main.chunk.js:38252)
    at EventManager._onOtherEvent (vendors~main.chunk.js:71612)
    at MoveInput.handleMoveEvent (vendors~main.chunk.js:71952)
    at MoveInput.handleEvent (vendors~main.chunk.js:71890)
console.<computed> @ vendors~main.chunk.js:102786
​ Error: The layer 'population-inside-layer' does not exist in the map's style and cannot be queried for features.
    at Be.queryRenderedFeatures (vendors~main.chunk.js:62584)
    at Map.queryRenderedFeatures (vendors~main.chunk.js:70046)
    at Object.getFeatures (vendors~main.chunk.js:104897)
    at Object.onPointerMove (vendors~main.chunk.js:104930)
    at EventRegistrar._emit (vendors~main.chunk.js:72258)
    at EventRegistrar.handleEvent (vendors~main.chunk.js:72232)
    at Manager.emit (vendors~main.chunk.js:38252)
    at EventManager._onOtherEvent (vendors~main.chunk.js:71612)
    at MoveInput.handleMoveEvent (vendors~main.chunk.js:71952)
    at MoveInput.handleEvent (vendors~main.chunk.js:71890)
console.<computed> @ vendors~main.chunk.js:102786
​ Error: The layer 'population-inside-layer' does not exist in the map's style and cannot be queried for features.
    at Be.queryRenderedFeatures (vendors~main.chunk.js:62584)
    at Map.queryRenderedFeatures (vendors~main.chunk.js:70046)
    at Object.getFeatures (vendors~main.chunk.js:104897)
    at Object.onPointerMove (vendors~main.chunk.js:104930)
    at EventRegistrar._emit (vendors~main.chunk.js:72258)
    at EventRegistrar.handleEvent (vendors~main.chunk.js:72232)
    at Manager.emit (vendors~main.chunk.js:38252)
    at EventManager._onOtherEvent (vendors~main.chunk.js:71612)
    at MoveInput.handleMoveEvent (vendors~main.chunk.js:71952)
    at MoveInput.handleEvent (vendors~main.chunk.js:71890)
console.<computed> @ vendors~main.chunk.js:102786
​ Error: The layer 'population-inside-layer' does not exist in the map's style and cannot be queried for features.
    at Be.queryRenderedFeatures (vendors~main.chunk.js:62584)
    at Map.queryRenderedFeatures (vendors~main.chunk.js:70046)
    at Object.getFeatures (vendors~main.chunk.js:104897)
    at Object.onPointerMove (vendors~main.chunk.js:104930)
    at EventRegistrar._emit (vendors~main.chunk.js:72258)
    at EventRegistrar.handleEvent (vendors~main.chunk.js:72232)
    at Manager.emit (vendors~main.chunk.js:38252)
    at EventManager._onOtherEvent (vendors~main.chunk.js:71612)
    at MoveInput.handleMoveEvent (vendors~main.chunk.js:71952)
    at MoveInput.handleEvent (vendors~main.chunk.js:71890)
console.<computed> @ vendors~main.chunk.js:102786
​ Error: The layer 'population-inside-layer' does not exist in the map's style and cannot be queried for features.
    at Be.queryRenderedFeatures (vendors~main.chunk.js:62584)
    at Map.queryRenderedFeatures (vendors~main.chunk.js:70046)
    at Object.getFeatures (vendors~main.chunk.js:104897)
    at Object.onPointerMove (vendors~main.chunk.js:104930)
    at EventRegistrar._emit (vendors~main.chunk.js:72258)
    at EventRegistrar.handleEvent (vendors~main.chunk.js:72232)
    at Manager.emit (vendors~main.chunk.js:38252)
    at EventManager._onOtherEvent (vendors~main.chunk.js:71612)
    at MoveInput.handleMoveEvent (vendors~main.chunk.js:71952)
    at MoveInput.handleEvent (vendors~main.chunk.js:71890)
console.<computed> @ vendors~main.chunk.js:102786
​ Error: The layer 'population-inside-layer' does not exist in the map's style and cannot be queried for features.
    at Be.queryRenderedFeatures (vendors~main.chunk.js:62584)
    at Map.queryRenderedFeatures (vendors~main.chunk.js:70046)
    at Object.getFeatures (vendors~main.chunk.js:104897)
    at Object.onPointerMove (vendors~main.chunk.js:104930)
    at EventRegistrar._emit (vendors~main.chunk.js:72258)
    at EventRegistrar.handleEvent (vendors~main.chunk.js:72232)
    at Manager.emit (vendors~main.chunk.js:38252)
    at EventManager._onOtherEvent (vendors~main.chunk.js:71612)
    at MoveInput.handleMoveEvent (vendors~main.chunk.js:71952)
    at MoveInput.handleEvent (vendors~main.chunk.js:71890)
console.<computed> @ vendors~main.chunk.js:102786
​ Error: The layer 'population-inside-layer' does not exist in the map's style and cannot be queried for features.
    at Be.queryRenderedFeatures (vendors~main.chunk.js:62584)
    at Map.queryRenderedFeatures (vendors~main.chunk.js:70046)
    at Object.getFeatures (vendors~main.chunk.js:104897)
    at Object.onPointerMove (vendors~main.chunk.js:104930)
    at EventRegistrar._emit (vendors~main.chunk.js:72258)
    at EventRegistrar.handleEvent (vendors~main.chunk.js:72232)
    at Manager.emit (vendors~main.chunk.js:38252)
    at EventManager._onOtherEvent (vendors~main.chunk.js:71612)
    at MoveInput.handleMoveEvent (vendors~main.chunk.js:71952)
    at MoveInput.handleEvent (vendors~main.chunk.js:71890)
console.<computed> @ vendors~main.chunk.js:102786
​ Error: The layer 'population-inside-layer' does not exist in the map's style and cannot be queried for features.
    at Be.queryRenderedFeatures (vendors~main.chunk.js:62584)
    at Map.queryRenderedFeatures (vendors~main.chunk.js:70046)
    at Object.getFeatures (vendors~main.chunk.js:104897)
    at Object.onPointerMove (vendors~main.chunk.js:104930)
    at EventRegistrar._emit (vendors~main.chunk.js:72258)
    at EventRegistrar.handleEvent (vendors~main.chunk.js:72232)
    at Manager.emit (vendors~main.chunk.js:38252)
    at EventManager._onOtherEvent (vendors~main.chunk.js:71612)
    at MoveInput.handleMoveEvent (vendors~main.chunk.js:71952)
    at MoveInput.handleEvent (vendors~main.chunk.js:71890)
console.<computed> @ vendors~main.chunk.js:102786
​ Error: The layer 'population-inside-layer' does not exist in the map's style and cannot be queried for features.
    at Be.queryRenderedFeatures (vendors~main.chunk.js:62584)
    at Map.queryRenderedFeatures (vendors~main.chunk.js:70046)
    at Object.getFeatures (vendors~main.chunk.js:104897)
    at Object.onPointerMove (vendors~main.chunk.js:104930)
    at EventRegistrar._emit (vendors~main.chunk.js:72258)
    at EventRegistrar.handleEvent (vendors~main.chunk.js:72232)
    at Manager.emit (vendors~main.chunk.js:38252)
    at EventManager._onOtherEvent (vendors~main.chunk.js:71612)
    at MoveInput.handleMoveEvent (vendors~main.chunk.js:71952)
    at MoveInput.handleEvent (vendors~main.chunk.js:71890)
console.<computed> @ vendors~main.chunk.js:102786
​ Error: The layer 'population-inside-layer' does not exist in the map's style and cannot be queried for features.
    at Be.queryRenderedFeatures (vendors~main.chunk.js:62584)
    at Map.queryRenderedFeatures (vendors~main.chunk.js:70046)
    at Object.getFeatures (vendors~main.chunk.js:104897)
    at Object.onPointerMove (vendors~main.chunk.js:104930)
    at EventRegistrar._emit (vendors~main.chunk.js:72258)
    at EventRegistrar.handleEvent (vendors~main.chunk.js:72232)
    at Manager.emit (vendors~main.chunk.js:38252)
    at EventManager._onOtherEvent (vendors~main.chunk.js:71612)
    at MoveInput.handleMoveEvent (vendors~main.chunk.js:71952)
    at MoveInput.handleEvent (vendors~main.chunk.js:71890)
console.<computed> @ vendors~main.chunk.js:102786
​ Error: The layer 'population-inside-layer' does not exist in the map's style and cannot be queried for features.
    at Be.queryRenderedFeatures (vendors~main.chunk.js:62584)
    at Map.queryRenderedFeatures (vendors~main.chunk.js:70046)
    at Object.getFeatures (vendors~main.chunk.js:104897)
    at Object.onPointerMove (vendors~main.chunk.js:104930)
    at EventRegistrar._emit (vendors~main.chunk.js:72258)
    at EventRegistrar.handleEvent (vendors~main.chunk.js:72232)
    at Manager.emit (vendors~main.chunk.js:38252)
    at EventManager._onOtherEvent (vendors~main.chunk.js:71612)
    at MoveInput.handleMoveEvent (vendors~main.chunk.js:71952)
    at MoveInput.handleEvent (vendors~main.chunk.js:71890)
console.<computed> @ vendors~main.chunk.js:102786
​ Error: The layer 'population-inside-layer' does not exist in the map's style and cannot be queried for features.
    at Be.queryRenderedFeatures (vendors~main.chunk.js:62584)
    at Map.queryRenderedFeatures (vendors~main.chunk.js:70046)
    at Object.getFeatures (vendors~main.chunk.js:104897)
    at Object.onPointerMove (vendors~main.chunk.js:104930)
    at EventRegistrar._emit (vendors~main.chunk.js:72258)
    at EventRegistrar.handleEvent (vendors~main.chunk.js:72232)
    at Manager.emit (vendors~main.chunk.js:38252)
    at EventManager._onOtherEvent (vendors~main.chunk.js:71612)
    at MoveInput.handleMoveEvent (vendors~main.chunk.js:71952)
    at MoveInput.handleEvent (vendors~main.chunk.js:71890)
console.<computed> @ vendors~main.chunk.js:102786
​ Object
​ Warning: Each child in a list should have a unique "key" prop.

Check the render method of `Map`. See https://reactjs.org/link/warning-keys for more information.
    at Map (http://localhost:3000/main.ef5d0557b9bd845b1aa2.hot-update.js:90:3)
    at div
    at App (http://localhost:3000/static/js/main.chunk.js:176:101)
console.<computed> @ vendors~main.chunk.js:102786
​ Warning: Each child in a list should have a unique "key" prop.

Check the render method of `_c`. See https://reactjs.org/link/warning-keys for more information.
    at _c (http://localhost:3000/static/js/main.chunk.js:1916:3)
    at div
    at TabPane (http://localhost:3000/static/js/vendors~main.chunk.js:124989:25)
    at div
    at TabContent (http://localhost:3000/static/js/vendors~main.chunk.js:124894:24)
    at div
    at Sidebar (http://localhost:3000/static/js/main.chunk.js:2010:3)
    at div
    at App (http://localhost:3000/static/js/main.chunk.js:176:101)
console.<computed> @ vendors~main.chunk.js:102786
​ added 1
​ FoodCenter
​ Collection from Food Center #e3fbf1-34b0-ab1-b5b5-adb7b14e08a underway for 2 mins.!
​ Collection from Food Center #e3fbf1-34b0-ab1-b5b5-adb7b14e08a underway for 3 mins.!
​ added 2
​ Collection from Food Center #e3fbf1-34b0-ab1-b5b5-adb7b14e08a underway for 4 mins.!
​ Collection from Food Center #e3fbf1-34b0-ab1-b5b5-adb7b14e08a underway for 5 mins.!
​ Collection from Food Center #e3fbf1-34b0-ab1-b5b5-adb7b14e08a underway for 6 mins.!
​ Collection from Food Center #e3fbf1-34b0-ab1-b5b5-adb7b14e08a underway for 7 mins.!
​ Collection from Food Center #e3fbf1-34b0-ab1-b5b5-adb7b14e08a underway for 8 mins.!
​ Collection from Food Center #e3fbf1-34b0-ab1-b5b5-adb7b14e08a underway for 9 mins.!
​ Collection from Food Center #e3fbf1-34b0-ab1-b5b5-adb7b14e08a underway for 10 mins.!
​ Collection from Food Center #e3fbf1-34b0-ab1-b5b5-adb7b14e08a underway for 11 mins.!
​ Collection from Food Center #e3fbf1-34b0-ab1-b5b5-adb7b14e08a underway for 12 mins.!
​ Object
​ FoodCenter
​ Collection from Food Center #be04803-621d-b865-2a75-64aa1bf1a4d7 underway for 2 mins.!
​ Collection from Food Center #be04803-621d-b865-2a75-64aa1bf1a4d7 underway for 3 mins.!
​ Collection from Food Center #be04803-621d-b865-2a75-64aa1bf1a4d7 underway for 4 mins.!
​ Collection from Food Center #be04803-621d-b865-2a75-64aa1bf1a4d7 underway for 5 mins.!
​ Collection from Food Center #be04803-621d-b865-2a75-64aa1bf1a4d7 underway for 6 mins.!
​ Collection from Food Center #be04803-621d-b865-2a75-64aa1bf1a4d7 underway for 7 mins.!
​ Collection from Food Center #be04803-621d-b865-2a75-64aa1bf1a4d7 underway for 8 mins.!
​ Object
​ added 3
​ added 1
​ FoodCenter
​ EvacuationCenter
​ Collection from Food Center #57367-376f-fdc4-cfe6-6128247843d underway for 2 mins.!
​ Evacuation for Evacuation Center #c4e6ad6-f2af-285e-be3-6cac6a6822ea underway for 2 mins.!
​ Collection from Food Center #57367-376f-fdc4-cfe6-6128247843d underway for 3 mins.!
​ Evacuation for Evacuation Center #c4e6ad6-f2af-285e-be3-6cac6a6822ea underway for 3 mins.!
​ Collection from Food Center #57367-376f-fdc4-cfe6-6128247843d underway for 4 mins.!
​ Evacuation for Evacuation Center #c4e6ad6-f2af-285e-be3-6cac6a6822ea underway for 4 mins.!
​ Object
​ Object
​ Collection from Food Center #57367-376f-fdc4-cfe6-6128247843d underway for 5 mins.!
​ added 9
​ Collection from Food Center #57367-376f-fdc4-cfe6-6128247843d underway for 6 mins.!
​ Collection from Food Center #57367-376f-fdc4-cfe6-6128247843d underway for 7 mins.!
​ Collection from Food Center #57367-376f-fdc4-cfe6-6128247843d underway for 8 mins.!
​ Collection from Food Center #57367-376f-fdc4-cfe6-6128247843d underway for 9 mins.!
​ Collection from Food Center #57367-376f-fdc4-cfe6-6128247843d underway for 10 mins.!
​ Collection from Food Center #57367-376f-fdc4-cfe6-6128247843d underway for 11 mins.!
​ Object
​ added 2
​ EvacuationCenter
​ Evacuation for Evacuation Center #4effe0-08e1-c3d6-2672-ffb2b6a8203 underway for 2 mins.!
​ Evacuation for Evacuation Center #4effe0-08e1-c3d6-2672-ffb2b6a8203 underway for 3 mins.!
​ Evacuation for Evacuation Center #4effe0-08e1-c3d6-2672-ffb2b6a8203 underway for 4 mins.!
​ Evacuation for Evacuation Center #4effe0-08e1-c3d6-2672-ffb2b6a8203 underway for 5 mins.!
​ Evacuation for Evacuation Center #4effe0-08e1-c3d6-2672-ffb2b6a8203 underway for 6 mins.!
​ Evacuation for Evacuation Center #4effe0-08e1-c3d6-2672-ffb2b6a8203 underway for 7 mins.!
​ added 3
​ Evacuation for Evacuation Center #4effe0-08e1-c3d6-2672-ffb2b6a8203 underway for 8 mins.!
​ Evacuation for Evacuation Center #4effe0-08e1-c3d6-2672-ffb2b6a8203 underway for 9 mins.!
​ Evacuation for Evacuation Center #4effe0-08e1-c3d6-2672-ffb2b6a8203 underway for 10 mins.!
​ added 18
​ Evacuation for Evacuation Center #4effe0-08e1-c3d6-2672-ffb2b6a8203 underway for 11 mins.!
​ Object
​ Object
​ EvacuationCenter
​ Evacuation for Evacuation Center #c4e6ad6-f2af-285e-be3-6cac6a6822ea underway for 2 mins.!
​ Evacuation for Evacuation Center #c4e6ad6-f2af-285e-be3-6cac6a6822ea underway for 3 mins.!
​ Evacuation for Evacuation Center #c4e6ad6-f2af-285e-be3-6cac6a6822ea underway for 4 mins.!
​ Object
​ Object
​ added 20
​ Object
​ added 1
​ Medical Checkup for Person #fbe58fc-30fe-b4d6-0325-dbe11ed37507 is underway! Object
​ Medical Checkup for Person #fbe58fc-30fe-b4d6-0325-dbe11ed37507 is underway! Object
​ Medical Checkup for Person #fbe58fc-30fe-b4d6-0325-dbe11ed37507 is underway! Object
​ Medical Checkup for Person #fbe58fc-30fe-b4d6-0325-dbe11ed37507 is underway! Object
​ Medical Checkup for Person #fbe58fc-30fe-b4d6-0325-dbe11ed37507 is underway! Object
​ Medical Checkup for Person #fbe58fc-30fe-b4d6-0325-dbe11ed37507 is underway! Object
​ Medical Checkup for Person #fbe58fc-30fe-b4d6-0325-dbe11ed37507 is underway! Object
​ Medical Checkup for Person #fbe58fc-30fe-b4d6-0325-dbe11ed37507 is underway! Object
​ Object
​ Medical Checkup for Person #fbe58fc-30fe-b4d6-0325-dbe11ed37507 is underway! Object
​ Medical Checkup for Person #fbe58fc-30fe-b4d6-0325-dbe11ed37507 is underway! Object
​ Medical Checkup for Person #fbe58fc-30fe-b4d6-0325-dbe11ed37507 is underway! Object
​ Medical Checkup for Person #fbe58fc-30fe-b4d6-0325-dbe11ed37507 is underway! Object
​ Medical Checkup for Person #fbe58fc-30fe-b4d6-0325-dbe11ed37507 is underway! Object
​ added 2
​ Medical Checkup for Person #fbe58fc-30fe-b4d6-0325-dbe11ed37507 is underway! Object
​ Object
​ Medical Checkup for Person #c3544e-f421-6e24-d4d-8a7e388c08 is underway! Object
​ Medical Checkup for Person #c3544e-f421-6e24-d4d-8a7e388c08 is underway! Object
​ added 1
​ Medical Checkup for Person #c3544e-f421-6e24-d4d-8a7e388c08 is underway! Object
​ Medical Checkup for Person #c3544e-f421-6e24-d4d-8a7e388c08 is underway! Object
​ Medical Checkup for Person #c3544e-f421-6e24-d4d-8a7e388c08 is underway! Object
​ Food Distribution for Person #fbe58fc-30fe-b4d6-0325-dbe11ed37507 is underway! Object
​ Medical Checkup for Person #c3544e-f421-6e24-d4d-8a7e388c08 is underway! Object
​ Food Distribution for Person #fbe58fc-30fe-b4d6-0325-dbe11ed37507 is underway! Object
​ Medical Checkup for Person #c3544e-f421-6e24-d4d-8a7e388c08 is underway! Object
​ Food Distribution for Person #fbe58fc-30fe-b4d6-0325-dbe11ed37507 is underway! Object
​ Medical Checkup for Person #c3544e-f421-6e24-d4d-8a7e388c08 is underway! Object
​ Food Distribution for Person #fbe58fc-30fe-b4d6-0325-dbe11ed37507 is underway! Object
​ Medical Checkup for Person #c3544e-f421-6e24-d4d-8a7e388c08 is underway! Object
​ Food Distribution for Person #fbe58fc-30fe-b4d6-0325-dbe11ed37507 is underway! Object
​ Medical Checkup for Person #c3544e-f421-6e24-d4d-8a7e388c08 is underway! Object
​ Food Distribution for Person #fbe58fc-30fe-b4d6-0325-dbe11ed37507 is underway! Object
​ Object
​ Medical Checkup for Person #c3544e-f421-6e24-d4d-8a7e388c08 is underway! Object
​ Food Distribution for Person #fbe58fc-30fe-b4d6-0325-dbe11ed37507 is underway! Object
​ Medical Checkup for Person #c3544e-f421-6e24-d4d-8a7e388c08 is underway! Object
​ Object
​ Food Distribution for Person #fbe58fc-30fe-b4d6-0325-dbe11ed37507 is underway! Object
​ Food Distribution for Person #fbe58fc-30fe-b4d6-0325-dbe11ed37507 is underway! Object
​ Food Distribution for Person #fbe58fc-30fe-b4d6-0325-dbe11ed37507 is underway! Object
​ Object
​ added 3
​ added 2
​ Medical Checkup for Person #5d25c2e-b431-88fd-7e10-acd61df36aae is underway! Object
​ Food Distribution for Person #c3544e-f421-6e24-d4d-8a7e388c08 is underway! Object
​ Medical Checkup for Person #5d25c2e-b431-88fd-7e10-acd61df36aae is underway! Object
​ Food Distribution for Person #c3544e-f421-6e24-d4d-8a7e388c08 is underway! Object
​ Medical Checkup for Person #5d25c2e-b431-88fd-7e10-acd61df36aae is underway! Object
​ Food Distribution for Person #c3544e-f421-6e24-d4d-8a7e388c08 is underway! Object
​ Medical Checkup for Person #5d25c2e-b431-88fd-7e10-acd61df36aae is underway! Object
​ Food Distribution for Person #c3544e-f421-6e24-d4d-8a7e388c08 is underway! Object
​ Medical Checkup for Person #5d25c2e-b431-88fd-7e10-acd61df36aae is underway! Object
​ Food Distribution for Person #c3544e-f421-6e24-d4d-8a7e388c08 is underway! Object
​ Medical Checkup for Person #5d25c2e-b431-88fd-7e10-acd61df36aae is underway! Object
​ Food Distribution for Person #c3544e-f421-6e24-d4d-8a7e388c08 is underway! Object
​ Medical Checkup for Person #5d25c2e-b431-88fd-7e10-acd61df36aae is underway! Object
​ Food Distribution for Person #c3544e-f421-6e24-d4d-8a7e388c08 is underway! Object
​ Medical Checkup for Person #5d25c2e-b431-88fd-7e10-acd61df36aae is underway! Object
​ Food Distribution for Person #c3544e-f421-6e24-d4d-8a7e388c08 is underway! Object
​ Object
​ Medical Checkup for Person #5d25c2e-b431-88fd-7e10-acd61df36aae is underway! Object
​ Medical Checkup for Person #5d25c2e-b431-88fd-7e10-acd61df36aae is underway! Object
​ Object
​ Medical Checkup for Person #5d25c2e-b431-88fd-7e10-acd61df36aae is underway! Object
​ Object
​ added 3
​ added 4
​ Food Distribution for Person #5d25c2e-b431-88fd-7e10-acd61df36aae is underway! Object
​ Medical Checkup for Person #35f4b5-814d-efe6-68c-edb7a740cd31 is underway! Object
​ Food Distribution for Person #5d25c2e-b431-88fd-7e10-acd61df36aae is underway! Object
​ Object
​ Medical Checkup for Person #35f4b5-814d-efe6-68c-edb7a740cd31 is underway! Object
​ Food Distribution for Person #5d25c2e-b431-88fd-7e10-acd61df36aae is underway! Object
​ Medical Checkup for Person #35f4b5-814d-efe6-68c-edb7a740cd31 is underway! Object
​ Food Distribution for Person #5d25c2e-b431-88fd-7e10-acd61df36aae is underway! Object
​ Medical Checkup for Person #35f4b5-814d-efe6-68c-edb7a740cd31 is underway! Object
​ Food Distribution for Person #5d25c2e-b431-88fd-7e10-acd61df36aae is underway! Object
​ Medical Checkup for Person #35f4b5-814d-efe6-68c-edb7a740cd31 is underway! Object
​ Food Distribution for Person #5d25c2e-b431-88fd-7e10-acd61df36aae is underway! Object
​ Medical Checkup for Person #35f4b5-814d-efe6-68c-edb7a740cd31 is underway! Object
​ added 5
​ Food Distribution for Person #5d25c2e-b431-88fd-7e10-acd61df36aae is underway! Object
​ Medical Checkup for Person #35f4b5-814d-efe6-68c-edb7a740cd31 is underway! Object
​ Food Distribution for Person #5d25c2e-b431-88fd-7e10-acd61df36aae is underway! Object
​ Medical Checkup for Person #35f4b5-814d-efe6-68c-edb7a740cd31 is underway! Object
​ Food Distribution for Person #5d25c2e-b431-88fd-7e10-acd61df36aae is underway! Object
​ Medical Checkup for Person #35f4b5-814d-efe6-68c-edb7a740cd31 is underway! Object
​ Food Distribution for Person #5d25c2e-b431-88fd-7e10-acd61df36aae is underway! Object
​ Medical Checkup for Person #35f4b5-814d-efe6-68c-edb7a740cd31 is underway! Object
​ Food Distribution for Person #5d25c2e-b431-88fd-7e10-acd61df36aae is underway! Object
​ Medical Checkup for Person #35f4b5-814d-efe6-68c-edb7a740cd31 is underway! Object
​ Object
​ Food Distribution for Person #5d25c2e-b431-88fd-7e10-acd61df36aae is underway! Object
​ Object
​ Medical Checkup for Person #4483f50-5877-a5f7-e83c-5b830ddf5d is underway! Object
​ Medical Checkup for Person #4483f50-5877-a5f7-e83c-5b830ddf5d is underway! Object
​ added 4
​ Medical Checkup for Person #4483f50-5877-a5f7-e83c-5b830ddf5d is underway! Object
​ Medical Checkup for Person #4483f50-5877-a5f7-e83c-5b830ddf5d is underway! Object
​ Medical Checkup for Person #4483f50-5877-a5f7-e83c-5b830ddf5d is underway! Object
​ Food Distribution for Person #35f4b5-814d-efe6-68c-edb7a740cd31 is underway! Object
​ Medical Checkup for Person #4483f50-5877-a5f7-e83c-5b830ddf5d is underway! Object
​ Food Distribution for Person #35f4b5-814d-efe6-68c-edb7a740cd31 is underway! Object
​ Medical Checkup for Person #4483f50-5877-a5f7-e83c-5b830ddf5d is underway! Object
​ Food Distribution for Person #35f4b5-814d-efe6-68c-edb7a740cd31 is underway! Object
​ Medical Checkup for Person #4483f50-5877-a5f7-e83c-5b830ddf5d is underway! Object
​ Food Distribution for Person #35f4b5-814d-efe6-68c-edb7a740cd31 is underway! Object
​ Medical Checkup for Person #4483f50-5877-a5f7-e83c-5b830ddf5d is underway! Object
​ Food Distribution for Person #35f4b5-814d-efe6-68c-edb7a740cd31 is underway! Object
​ Object
​ Medical Checkup for Person #4483f50-5877-a5f7-e83c-5b830ddf5d is underway! Object
​ Food Distribution for Person #35f4b5-814d-efe6-68c-edb7a740cd31 is underway! Object
​ Medical Checkup for Person #4483f50-5877-a5f7-e83c-5b830ddf5d is underway! Object
​ Food Distribution for Person #35f4b5-814d-efe6-68c-edb7a740cd31 is underway! Object
​ completed 0
​ Medical Checkup for Person #4483f50-5877-a5f7-e83c-5b830ddf5d is underway! Object
​ Food Distribution for Person #35f4b5-814d-efe6-68c-edb7a740cd31 is underway! Object
​ Medical Checkup for Person #4483f50-5877-a5f7-e83c-5b830ddf5d is underway! Object
​ Food Distribution for Person #35f4b5-814d-efe6-68c-edb7a740cd31 is underway! Object
​ Object
​ completed 1
​ Medical Checkup for Person #4483f50-5877-a5f7-e83c-5b830ddf5d is underway! Object
​ added 6
​ Medical Checkup for Person #4483f50-5877-a5f7-e83c-5b830ddf5d is underway! Object
​ Medical Checkup for Person #4483f50-5877-a5f7-e83c-5b830ddf5d is underway! Object
​ Object
​ Object
​ Medical Checkup for Person #67878bf-cac-76b-5fb2-b1b22fd8b186 is underway! Object
​ Medical Checkup for Person #67878bf-cac-76b-5fb2-b1b22fd8b186 is underway! Object
​ added 5
​ Medical Checkup for Person #67878bf-cac-76b-5fb2-b1b22fd8b186 is underway! Object
​ Medical Checkup for Person #67878bf-cac-76b-5fb2-b1b22fd8b186 is underway! Object
​ added 7
​ Medical Checkup for Person #67878bf-cac-76b-5fb2-b1b22fd8b186 is underway! Object
​ Food Distribution for Person #4483f50-5877-a5f7-e83c-5b830ddf5d is underway! Object
​ Medical Checkup for Person #67878bf-cac-76b-5fb2-b1b22fd8b186 is underway! Object
​ Food Distribution for Person #4483f50-5877-a5f7-e83c-5b830ddf5d is underway! Object
​ Medical Checkup for Person #67878bf-cac-76b-5fb2-b1b22fd8b186 is underway! Object
​ Food Distribution for Person #4483f50-5877-a5f7-e83c-5b830ddf5d is underway! Object
​ Medical Checkup for Person #67878bf-cac-76b-5fb2-b1b22fd8b186 is underway! Object
​ Food Distribution for Person #4483f50-5877-a5f7-e83c-5b830ddf5d is underway! Object
​ Medical Checkup for Person #67878bf-cac-76b-5fb2-b1b22fd8b186 is underway! Object
​ Object
​ Food Distribution for Person #4483f50-5877-a5f7-e83c-5b830ddf5d is underway! Object
​ Object
​ Food Distribution for Person #4483f50-5877-a5f7-e83c-5b830ddf5d is underway! Object
​ Medical Checkup for Person #abf88d-1fd-0c2e-bbf6-2c8665765ba is underway! Object
​ Food Distribution for Person #4483f50-5877-a5f7-e83c-5b830ddf5d is underway! Object
​ Medical Checkup for Person #abf88d-1fd-0c2e-bbf6-2c8665765ba is underway! Object
​ Food Distribution for Person #4483f50-5877-a5f7-e83c-5b830ddf5d is underway! Object
​ added 6
​ Medical Checkup for Person #abf88d-1fd-0c2e-bbf6-2c8665765ba is underway! Object
​ Food Distribution for Person #4483f50-5877-a5f7-e83c-5b830ddf5d is underway! Object
​ added 8
​ Medical Checkup for Person #abf88d-1fd-0c2e-bbf6-2c8665765ba is underway! Object
​ Food Distribution for Person #4483f50-5877-a5f7-e83c-5b830ddf5d is underway! Object
​ Medical Checkup for Person #abf88d-1fd-0c2e-bbf6-2c8665765ba is underway! Object
​ Food Distribution for Person #4483f50-5877-a5f7-e83c-5b830ddf5d is underway! Object
​ Medical Checkup for Person #abf88d-1fd-0c2e-bbf6-2c8665765ba is underway! Object
​ Food Distribution for Person #4483f50-5877-a5f7-e83c-5b830ddf5d is underway! Object
​ Medical Checkup for Person #abf88d-1fd-0c2e-bbf6-2c8665765ba is underway! Object
​ Food Distribution for Person #4483f50-5877-a5f7-e83c-5b830ddf5d is underway! Object
​ Medical Checkup for Person #abf88d-1fd-0c2e-bbf6-2c8665765ba is underway! Object
​ Food Distribution for Person #4483f50-5877-a5f7-e83c-5b830ddf5d is underway! Object
​ Object
​ Medical Checkup for Person #abf88d-1fd-0c2e-bbf6-2c8665765ba is underway! Object
​ Medical Checkup for Person #abf88d-1fd-0c2e-bbf6-2c8665765ba is underway! Object
​ Food Distribution for Person #67878bf-cac-76b-5fb2-b1b22fd8b186 is underway! Object
​ Medical Checkup for Person #abf88d-1fd-0c2e-bbf6-2c8665765ba is underway! Object
​ Food Distribution for Person #67878bf-cac-76b-5fb2-b1b22fd8b186 is underway! Object
​ Medical Checkup for Person #abf88d-1fd-0c2e-bbf6-2c8665765ba is underway! Object
​ Food Distribution for Person #67878bf-cac-76b-5fb2-b1b22fd8b186 is underway! Object
​ Medical Checkup for Person #abf88d-1fd-0c2e-bbf6-2c8665765ba is underway! Object
​ Food Distribution for Person #67878bf-cac-76b-5fb2-b1b22fd8b186 is underway! Object
​ Medical Checkup for Person #abf88d-1fd-0c2e-bbf6-2c8665765ba is underway! Object
​ Food Distribution for Person #67878bf-cac-76b-5fb2-b1b22fd8b186 is underway! Object
​ Object
​ Medical Checkup for Person #abf88d-1fd-0c2e-bbf6-2c8665765ba is underway! Object
​ Food Distribution for Person #67878bf-cac-76b-5fb2-b1b22fd8b186 is underway! Object
​ Medical Checkup for Person #abf88d-1fd-0c2e-bbf6-2c8665765ba is underway! Object
​ Food Distribution for Person #67878bf-cac-76b-5fb2-b1b22fd8b186 is underway! Object
​ Medical Checkup for Person #abf88d-1fd-0c2e-bbf6-2c8665765ba is underway! Object
​ Object
​ Food Distribution for Person #67878bf-cac-76b-5fb2-b1b22fd8b186 is underway! Object
​ Food Distribution for Person #67878bf-cac-76b-5fb2-b1b22fd8b186 is underway! Object
​ completed 2
​ Medical Checkup for Person #df1088-f25-bc7-6378-e6333f45fca is underway! Object
​ added 9
​ Food Distribution for Person #67878bf-cac-76b-5fb2-b1b22fd8b186 is underway! Object
​ Medical Checkup for Person #df1088-f25-bc7-6378-e6333f45fca is underway! Object
​ Food Distribution for Person #67878bf-cac-76b-5fb2-b1b22fd8b186 is underway! Object
​ added 7
​ Medical Checkup for Person #df1088-f25-bc7-6378-e6333f45fca is underway! Object
​ Food Distribution for Person #67878bf-cac-76b-5fb2-b1b22fd8b186 is underway! Object
​ Medical Checkup for Person #df1088-f25-bc7-6378-e6333f45fca is underway! Object
​ Food Distribution for Person #67878bf-cac-76b-5fb2-b1b22fd8b186 is underway! Object
​ Medical Checkup for Person #df1088-f25-bc7-6378-e6333f45fca is underway! Object
​ Food Distribution for Person #67878bf-cac-76b-5fb2-b1b22fd8b186 is underway! Object
​ Object
​ Medical Checkup for Person #df1088-f25-bc7-6378-e6333f45fca is underway! Object
​ Medical Checkup for Person #df1088-f25-bc7-6378-e6333f45fca is underway! Object
​ Food Distribution for Person #abf88d-1fd-0c2e-bbf6-2c8665765ba is underway! Object
​ Medical Checkup for Person #df1088-f25-bc7-6378-e6333f45fca is underway! Object
​ Object
​ Food Distribution for Person #abf88d-1fd-0c2e-bbf6-2c8665765ba is underway! Object
​ Food Distribution for Person #abf88d-1fd-0c2e-bbf6-2c8665765ba is underway! Object
​ Medical Checkup for Person #d8628-e0e2-60f-57b3-1f2e6b06b is underway! Object
​ Food Distribution for Person #abf88d-1fd-0c2e-bbf6-2c8665765ba is underway! Object
​ Medical Checkup for Person #d8628-e0e2-60f-57b3-1f2e6b06b is underway! Object
​ Food Distribution for Person #abf88d-1fd-0c2e-bbf6-2c8665765ba is underway! Object
​ added 8
​ Medical Checkup for Person #d8628-e0e2-60f-57b3-1f2e6b06b is underway! Object
​ Food Distribution for Person #abf88d-1fd-0c2e-bbf6-2c8665765ba is underway! Object
​ Medical Checkup for Person #d8628-e0e2-60f-57b3-1f2e6b06b is underway! Object
​ Food Distribution for Person #abf88d-1fd-0c2e-bbf6-2c8665765ba is underway! Object
​ Medical Checkup for Person #d8628-e0e2-60f-57b3-1f2e6b06b is underway! Object
​ Food Distribution for Person #abf88d-1fd-0c2e-bbf6-2c8665765ba is underway! Object
​ completed 3
​ Object
​ Medical Checkup for Person #d8628-e0e2-60f-57b3-1f2e6b06b is underway! Object
​ Food Distribution for Person #abf88d-1fd-0c2e-bbf6-2c8665765ba is underway! Object
​ Medical Checkup for Person #d8628-e0e2-60f-57b3-1f2e6b06b is underway! Object
​ Food Distribution for Person #abf88d-1fd-0c2e-bbf6-2c8665765ba is underway! Object
​ Medical Checkup for Person #d8628-e0e2-60f-57b3-1f2e6b06b is underway! Object
​ Food Distribution for Person #abf88d-1fd-0c2e-bbf6-2c8665765ba is underway! Object
​ Medical Checkup for Person #d8628-e0e2-60f-57b3-1f2e6b06b is underway! Object
​ Food Distribution for Person #abf88d-1fd-0c2e-bbf6-2c8665765ba is underway! Object
​ Medical Checkup for Person #d8628-e0e2-60f-57b3-1f2e6b06b is underway! Object
​ added 10
​ Food Distribution for Person #abf88d-1fd-0c2e-bbf6-2c8665765ba is underway! Object
​ Medical Checkup for Person #d8628-e0e2-60f-57b3-1f2e6b06b is underway! Object
​ Food Distribution for Person #abf88d-1fd-0c2e-bbf6-2c8665765ba is underway! Object
​ Medical Checkup for Person #d8628-e0e2-60f-57b3-1f2e6b06b is underway! Object
​ Object
​ Food Distribution for Person #abf88d-1fd-0c2e-bbf6-2c8665765ba is underway! Object
​ Object
​ Medical Checkup for Person #2e50d1f-2c10-25-41e4-de74b1784717 is underway! Object
​ Food Distribution for Person #df1088-f25-bc7-6378-e6333f45fca is underway! Object
​ Object
​ Medical Checkup for Person #2e50d1f-2c10-25-41e4-de74b1784717 is underway! Object
​ Food Distribution for Person #df1088-f25-bc7-6378-e6333f45fca is underway! Object
​ added 9
​ Medical Checkup for Person #2e50d1f-2c10-25-41e4-de74b1784717 is underway! Object
​ Food Distribution for Person #df1088-f25-bc7-6378-e6333f45fca is underway! Object
​ Medical Checkup for Person #2e50d1f-2c10-25-41e4-de74b1784717 is underway! Object
​ Food Distribution for Person #df1088-f25-bc7-6378-e6333f45fca is underway! Object
​ Medical Checkup for Person #2e50d1f-2c10-25-41e4-de74b1784717 is underway! Object
​ Food Distribution for Person #df1088-f25-bc7-6378-e6333f45fca is underway! Object
​ completed 4
​ added 11
​ Medical Checkup for Person #2e50d1f-2c10-25-41e4-de74b1784717 is underway! Object
​ Food Distribution for Person #df1088-f25-bc7-6378-e6333f45fca is underway! Object
​ Medical Checkup for Person #2e50d1f-2c10-25-41e4-de74b1784717 is underway! Object
​ Food Distribution for Person #df1088-f25-bc7-6378-e6333f45fca is underway! Object
​ Medical Checkup for Person #2e50d1f-2c10-25-41e4-de74b1784717 is underway! Object
​ Food Distribution for Person #df1088-f25-bc7-6378-e6333f45fca is underway! Object
​ Medical Checkup for Person #2e50d1f-2c10-25-41e4-de74b1784717 is underway! Object
​ Food Distribution for Person #df1088-f25-bc7-6378-e6333f45fca is underway! Object
​ Medical Checkup for Person #2e50d1f-2c10-25-41e4-de74b1784717 is underway! Object
​ Object
​ Food Distribution for Person #df1088-f25-bc7-6378-e6333f45fca is underway! Object
​ Food Distribution for Person #df1088-f25-bc7-6378-e6333f45fca is underway! Object
​ Medical Checkup for Person #f83380a-0134-8d37-c20-a0ebedff5d0b is underway! Object
​ Food Distribution for Person #df1088-f25-bc7-6378-e6333f45fca is underway! Object
​ Medical Checkup for Person #f83380a-0134-8d37-c20-a0ebedff5d0b is underway! Object
​ Food Distribution for Person #df1088-f25-bc7-6378-e6333f45fca is underway! Object
​ added 10
​ completed 5
​ Medical Checkup for Person #f83380a-0134-8d37-c20-a0ebedff5d0b is underway! Object
​ Food Distribution for Person #df1088-f25-bc7-6378-e6333f45fca is underway! Object
​ Medical Checkup for Person #f83380a-0134-8d37-c20-a0ebedff5d0b is underway! Object
​ Food Distribution for Person #df1088-f25-bc7-6378-e6333f45fca is underway! Object
​ Object
​ Object
​ Medical Checkup for Person #f83380a-0134-8d37-c20-a0ebedff5d0b is underway! Object
​ Medical Checkup for Person #f83380a-0134-8d37-c20-a0ebedff5d0b is underway! Object
​ Food Distribution for Person #2e50d1f-2c10-25-41e4-de74b1784717 is underway! Object
​ Medical Checkup for Person #f83380a-0134-8d37-c20-a0ebedff5d0b is underway! Object
​ Food Distribution for Person #2e50d1f-2c10-25-41e4-de74b1784717 is underway! Object
​ Medical Checkup for Person #f83380a-0134-8d37-c20-a0ebedff5d0b is underway! Object
​ Food Distribution for Person #2e50d1f-2c10-25-41e4-de74b1784717 is underway! Object
​ added 12
​ Medical Checkup for Person #f83380a-0134-8d37-c20-a0ebedff5d0b is underway! Object
​ Food Distribution for Person #2e50d1f-2c10-25-41e4-de74b1784717 is underway! Object
​ completed 6
​ Medical Checkup for Person #f83380a-0134-8d37-c20-a0ebedff5d0b is underway! Object
​ Food Distribution for Person #2e50d1f-2c10-25-41e4-de74b1784717 is underway! Object
​ Medical Checkup for Person #f83380a-0134-8d37-c20-a0ebedff5d0b is underway! Object
​ Food Distribution for Person #2e50d1f-2c10-25-41e4-de74b1784717 is underway! Object
​ Medical Checkup for Person #f83380a-0134-8d37-c20-a0ebedff5d0b is underway! Object
​ Food Distribution for Person #2e50d1f-2c10-25-41e4-de74b1784717 is underway! Object
​ Medical Checkup for Person #f83380a-0134-8d37-c20-a0ebedff5d0b is underway! Object
​ Food Distribution for Person #2e50d1f-2c10-25-41e4-de74b1784717 is underway! Object
​ Medical Checkup for Person #f83380a-0134-8d37-c20-a0ebedff5d0b is underway! Object
​ Food Distribution for Person #2e50d1f-2c10-25-41e4-de74b1784717 is underway! Object
​ Medical Checkup for Person #f83380a-0134-8d37-c20-a0ebedff5d0b is underway! Object
​ Food Distribution for Person #2e50d1f-2c10-25-41e4-de74b1784717 is underway! Object
​ Medical Checkup for Person #f83380a-0134-8d37-c20-a0ebedff5d0b is underway! Object
​ Object
​ Food Distribution for Person #2e50d1f-2c10-25-41e4-de74b1784717 is underway! Object
​ Food Distribution for Person #2e50d1f-2c10-25-41e4-de74b1784717 is underway! Object
​ Object
​ Medical Checkup for Person #aaecfb-cab2-cf5-edf-8b85061d35 is underway! Object
​ Food Distribution for Person #2e50d1f-2c10-25-41e4-de74b1784717 is underway! Object
​ Medical Checkup for Person #aaecfb-cab2-cf5-edf-8b85061d35 is underway! Object
​ Food Distribution for Person #2e50d1f-2c10-25-41e4-de74b1784717 is underway! Object
​ added 11
​ Medical Checkup for Person #aaecfb-cab2-cf5-edf-8b85061d35 is underway! Object
​ Food Distribution for Person #2e50d1f-2c10-25-41e4-de74b1784717 is underway! Object
​ Medical Checkup for Person #aaecfb-cab2-cf5-edf-8b85061d35 is underway! Object
​ Food Distribution for Person #2e50d1f-2c10-25-41e4-de74b1784717 is underway! Object
​ Object
​ added 13
​ Medical Checkup for Person #aaecfb-cab2-cf5-edf-8b85061d35 is underway! Object
​ Medical Checkup for Person #aaecfb-cab2-cf5-edf-8b85061d35 is underway! Object
​ Food Distribution for Person #f83380a-0134-8d37-c20-a0ebedff5d0b is underway! Object
​ Medical Checkup for Person #aaecfb-cab2-cf5-edf-8b85061d35 is underway! Object
​ Food Distribution for Person #f83380a-0134-8d37-c20-a0ebedff5d0b is underway! Object
​ Object
​ Medical Checkup for Person #aaecfb-cab2-cf5-edf-8b85061d35 is underway! Object
​ Food Distribution for Person #f83380a-0134-8d37-c20-a0ebedff5d0b is underway! Object
​ Medical Checkup for Person #aaecfb-cab2-cf5-edf-8b85061d35 is underway! Object
​ Food Distribution for Person #f83380a-0134-8d37-c20-a0ebedff5d0b is underway! Object
​ Medical Checkup for Person #aaecfb-cab2-cf5-edf-8b85061d35 is underway! Object
​ Food Distribution for Person #f83380a-0134-8d37-c20-a0ebedff5d0b is underway! Object
​ Medical Checkup for Person #aaecfb-cab2-cf5-edf-8b85061d35 is underway! Object
​ Food Distribution for Person #f83380a-0134-8d37-c20-a0ebedff5d0b is underway! Object
​ added 14
​ Medical Checkup for Person #aaecfb-cab2-cf5-edf-8b85061d35 is underway! Object
​ Food Distribution for Person #f83380a-0134-8d37-c20-a0ebedff5d0b is underway! Object
​ Medical Checkup for Person #aaecfb-cab2-cf5-edf-8b85061d35 is underway! Object
​ Object
​ Food Distribution for Person #f83380a-0134-8d37-c20-a0ebedff5d0b is underway! Object
​ Food Distribution for Person #f83380a-0134-8d37-c20-a0ebedff5d0b is underway! Object
​ Medical Checkup for Person #1300ba-5e53-a4e4-c13-7e5cc687cd is underway! Object
​ Food Distribution for Person #f83380a-0134-8d37-c20-a0ebedff5d0b is underway! Object
​ Medical Checkup for Person #1300ba-5e53-a4e4-c13-7e5cc687cd is underway! Object
​ Food Distribution for Person #f83380a-0134-8d37-c20-a0ebedff5d0b is underway! Object
​ Object
​ added 12
​ Medical Checkup for Person #1300ba-5e53-a4e4-c13-7e5cc687cd is underway! Object
​ Food Distribution for Person #f83380a-0134-8d37-c20-a0ebedff5d0b is underway! Object
​ Medical Checkup for Person #1300ba-5e53-a4e4-c13-7e5cc687cd is underway! Object
​ Food Distribution for Person #f83380a-0134-8d37-c20-a0ebedff5d0b is underway! Object
​ Medical Checkup for Person #1300ba-5e53-a4e4-c13-7e5cc687cd is underway! Object
​ Food Distribution for Person #f83380a-0134-8d37-c20-a0ebedff5d0b is underway! Object
​ Medical Checkup for Person #1300ba-5e53-a4e4-c13-7e5cc687cd is underway! Object
​ Food Distribution for Person #f83380a-0134-8d37-c20-a0ebedff5d0b is underway! Object
​ added 15
​ Medical Checkup for Person #1300ba-5e53-a4e4-c13-7e5cc687cd is underway! Object
​ Food Distribution for Person #f83380a-0134-8d37-c20-a0ebedff5d0b is underway! Object
​ Object
​ Medical Checkup for Person #1300ba-5e53-a4e4-c13-7e5cc687cd is underway! Object
​ Medical Checkup for Person #1300ba-5e53-a4e4-c13-7e5cc687cd is underway! Object
​ Food Distribution for Person #aaecfb-cab2-cf5-edf-8b85061d35 is underway! Object
​ Medical Checkup for Person #1300ba-5e53-a4e4-c13-7e5cc687cd is underway! Object
​ Food Distribution for Person #aaecfb-cab2-cf5-edf-8b85061d35 is underway! Object
​ Object
​ Medical Checkup for Person #1300ba-5e53-a4e4-c13-7e5cc687cd is underway! Object
​ Food Distribution for Person #aaecfb-cab2-cf5-edf-8b85061d35 is underway! Object
​ Medical Checkup for Person #1300ba-5e53-a4e4-c13-7e5cc687cd is underway! Object
​ Food Distribution for Person #aaecfb-cab2-cf5-edf-8b85061d35 is underway! Object
​ Medical Checkup for Person #1300ba-5e53-a4e4-c13-7e5cc687cd is underway! Object
​ Object
​ Food Distribution for Person #aaecfb-cab2-cf5-edf-8b85061d35 is underway! Object
​ Food Distribution for Person #aaecfb-cab2-cf5-edf-8b85061d35 is underway! Object
​ added 16
​ Medical Checkup for Person #af760a5-33d-e8e-b60-c106c2d16d7 is underway! Object
​ Food Distribution for Person #aaecfb-cab2-cf5-edf-8b85061d35 is underway! Object
​ Medical Checkup for Person #af760a5-33d-e8e-b60-c106c2d16d7 is underway! Object
​ Food Distribution for Person #aaecfb-cab2-cf5-edf-8b85061d35 is underway! Object
​ completed 7
​ added 13
​ Medical Checkup for Person #af760a5-33d-e8e-b60-c106c2d16d7 is underway! Object
​ Food Distribution for Person #aaecfb-cab2-cf5-edf-8b85061d35 is underway! Object
​ Medical Checkup for Person #af760a5-33d-e8e-b60-c106c2d16d7 is underway! Object
​ Food Distribution for Person #aaecfb-cab2-cf5-edf-8b85061d35 is underway! Object
​ Object
​ Medical Checkup for Person #af760a5-33d-e8e-b60-c106c2d16d7 is underway! Object
​ Food Distribution for Person #aaecfb-cab2-cf5-edf-8b85061d35 is underway! Object
​ Medical Checkup for Person #af760a5-33d-e8e-b60-c106c2d16d7 is underway! Object
​ Food Distribution for Person #aaecfb-cab2-cf5-edf-8b85061d35 is underway! Object
​ completed 8
​ Medical Checkup for Person #af760a5-33d-e8e-b60-c106c2d16d7 is underway! Object
​ Food Distribution for Person #aaecfb-cab2-cf5-edf-8b85061d35 is underway! Object
​ Medical Checkup for Person #af760a5-33d-e8e-b60-c106c2d16d7 is underway! Object
​ Food Distribution for Person #aaecfb-cab2-cf5-edf-8b85061d35 is underway! Object
​ added 17
​ Medical Checkup for Person #af760a5-33d-e8e-b60-c106c2d16d7 is underway! Object
​ Food Distribution for Person #aaecfb-cab2-cf5-edf-8b85061d35 is underway! Object
​ Medical Checkup for Person #af760a5-33d-e8e-b60-c106c2d16d7 is underway! Object
​ Food Distribution for Person #aaecfb-cab2-cf5-edf-8b85061d35 is underway! Object
​ Medical Checkup for Person #af760a5-33d-e8e-b60-c106c2d16d7 is underway! Object
​ Food Distribution for Person #aaecfb-cab2-cf5-edf-8b85061d35 is underway! Object
​ Medical Checkup for Person #af760a5-33d-e8e-b60-c106c2d16d7 is underway! Object
​ Food Distribution for Person #aaecfb-cab2-cf5-edf-8b85061d35 is underway! Object
​ Object
​ Medical Checkup for Person #af760a5-33d-e8e-b60-c106c2d16d7 is underway! Object
​ Medical Checkup for Person #af760a5-33d-e8e-b60-c106c2d16d7 is underway! Object
​ Food Distribution for Person #d8628-e0e2-60f-57b3-1f2e6b06b is underway! Object
​ Medical Checkup for Person #af760a5-33d-e8e-b60-c106c2d16d7 is underway! Object
​ Food Distribution for Person #d8628-e0e2-60f-57b3-1f2e6b06b is underway! Object
​ Medical Checkup for Person #af760a5-33d-e8e-b60-c106c2d16d7 is underway! Object
​ Object
​ Food Distribution for Person #d8628-e0e2-60f-57b3-1f2e6b06b is underway! Object
​ Food Distribution for Person #d8628-e0e2-60f-57b3-1f2e6b06b is underway! Object
​ Medical Checkup for Person #d7bd301-76b-85f2-d2de-b432a8eb7d23 is underway! Object
​ Food Distribution for Person #d8628-e0e2-60f-57b3-1f2e6b06b is underway! Object
​ Medical Checkup for Person #d7bd301-76b-85f2-d2de-b432a8eb7d23 is underway! Object
​ Food Distribution for Person #d8628-e0e2-60f-57b3-1f2e6b06b is underway! Object
​ added 14
​ Medical Checkup for Person #d7bd301-76b-85f2-d2de-b432a8eb7d23 is underway! Object
​ Food Distribution for Person #d8628-e0e2-60f-57b3-1f2e6b06b is underway! Object
​ Object
​ Medical Checkup for Person #d7bd301-76b-85f2-d2de-b432a8eb7d23 is underway! Object
​ Food Distribution for Person #d8628-e0e2-60f-57b3-1f2e6b06b is underway! Object
​ Medical Checkup for Person #d7bd301-76b-85f2-d2de-b432a8eb7d23 is underway! Object
​ Food Distribution for Person #d8628-e0e2-60f-57b3-1f2e6b06b is underway! Object
​ Medical Checkup for Person #d7bd301-76b-85f2-d2de-b432a8eb7d23 is underway! Object
​ Food Distribution for Person #d8628-e0e2-60f-57b3-1f2e6b06b is underway! Object
​ Medical Checkup for Person #d7bd301-76b-85f2-d2de-b432a8eb7d23 is underway! Object
​ Food Distribution for Person #d8628-e0e2-60f-57b3-1f2e6b06b is underway! Object
​ added 18
​ Medical Checkup for Person #d7bd301-76b-85f2-d2de-b432a8eb7d23 is underway! Object
​ Food Distribution for Person #d8628-e0e2-60f-57b3-1f2e6b06b is underway! Object
​ Medical Checkup for Person #d7bd301-76b-85f2-d2de-b432a8eb7d23 is underway! Object
​ Food Distribution for Person #d8628-e0e2-60f-57b3-1f2e6b06b is underway! Object
​ Medical Checkup for Person #d7bd301-76b-85f2-d2de-b432a8eb7d23 is underway! Object
​ Food Distribution for Person #d8628-e0e2-60f-57b3-1f2e6b06b is underway! Object
​ Medical Checkup for Person #d7bd301-76b-85f2-d2de-b432a8eb7d23 is underway! Object
​ Food Distribution for Person #d8628-e0e2-60f-57b3-1f2e6b06b is underway! Object
​ Object
​ Medical Checkup for Person #d7bd301-76b-85f2-d2de-b432a8eb7d23 is underway! Object
​ Medical Checkup for Person #d7bd301-76b-85f2-d2de-b432a8eb7d23 is underway! Object
​ Food Distribution for Person #af760a5-33d-e8e-b60-c106c2d16d7 is underway! Object
​ Medical Checkup for Person #d7bd301-76b-85f2-d2de-b432a8eb7d23 is underway! Object
​ Food Distribution for Person #af760a5-33d-e8e-b60-c106c2d16d7 is underway! Object
​ Medical Checkup for Person #d7bd301-76b-85f2-d2de-b432a8eb7d23 is underway! Object
​ Food Distribution for Person #af760a5-33d-e8e-b60-c106c2d16d7 is underway! Object
​ Medical Checkup for Person #d7bd301-76b-85f2-d2de-b432a8eb7d23 is underway! Object
​ Object
​ Food Distribution for Person #af760a5-33d-e8e-b60-c106c2d16d7 is underway! Object
​ Food Distribution for Person #af760a5-33d-e8e-b60-c106c2d16d7 is underway! Object
​ Medical Checkup for Person #0707b5f-be3f-ebb-fed-f63eea6ee17 is underway! Object
​ Food Distribution for Person #af760a5-33d-e8e-b60-c106c2d16d7 is underway! Object
​ Medical Checkup for Person #0707b5f-be3f-ebb-fed-f63eea6ee17 is underway! Object
​ Food Distribution for Person #af760a5-33d-e8e-b60-c106c2d16d7 is underway! Object
​ added 15
​ completed 9
​ Medical Checkup for Person #0707b5f-be3f-ebb-fed-f63eea6ee17 is underway! Object
​ Food Distribution for Person #af760a5-33d-e8e-b60-c106c2d16d7 is underway! Object
​ Medical Checkup for Person #0707b5f-be3f-ebb-fed-f63eea6ee17 is underway! Object
​ Food Distribution for Person #af760a5-33d-e8e-b60-c106c2d16d7 is underway! Object
​ Object
​ Medical Checkup for Person #0707b5f-be3f-ebb-fed-f63eea6ee17 is underway! Object
​ Food Distribution for Person #af760a5-33d-e8e-b60-c106c2d16d7 is underway! Object
​ Medical Checkup for Person #0707b5f-be3f-ebb-fed-f63eea6ee17 is underway! Object
​ Food Distribution for Person #af760a5-33d-e8e-b60-c106c2d16d7 is underway! Object
​ Medical Checkup for Person #0707b5f-be3f-ebb-fed-f63eea6ee17 is underway! Object
​ Food Distribution for Person #af760a5-33d-e8e-b60-c106c2d16d7 is underway! Object
​ Medical Checkup for Person #0707b5f-be3f-ebb-fed-f63eea6ee17 is underway! Object
​ Food Distribution for Person #af760a5-33d-e8e-b60-c106c2d16d7 is underway! Object
​ added 19
​ Medical Checkup for Person #0707b5f-be3f-ebb-fed-f63eea6ee17 is underway! Object
​ Food Distribution for Person #af760a5-33d-e8e-b60-c106c2d16d7 is underway! Object
​ Object
​ Medical Checkup for Person #0707b5f-be3f-ebb-fed-f63eea6ee17 is underway! Object
​ Food Distribution for Person #af760a5-33d-e8e-b60-c106c2d16d7 is underway! Object
​ Medical Checkup for Person #0707b5f-be3f-ebb-fed-f63eea6ee17 is underway! Object
​ Object
​ Food Distribution for Person #af760a5-33d-e8e-b60-c106c2d16d7 is underway! Object
​ Food Distribution for Person #af760a5-33d-e8e-b60-c106c2d16d7 is underway! Object
​ Medical Checkup for Person #d8e4656-2a4c-1cab-ade4-bfb8514f87d is underway! Object
​ Food Distribution for Person #af760a5-33d-e8e-b60-c106c2d16d7 is underway! Object
​ added 20
​ Medical Checkup for Person #d8e4656-2a4c-1cab-ade4-bfb8514f87d is underway! Object
​ Food Distribution for Person #af760a5-33d-e8e-b60-c106c2d16d7 is underway! Object
​ added 16
​ Medical Checkup for Person #d8e4656-2a4c-1cab-ade4-bfb8514f87d is underway! Object
​ Food Distribution for Person #af760a5-33d-e8e-b60-c106c2d16d7 is underway! Object
​ Object
​ Medical Checkup for Person #d8e4656-2a4c-1cab-ade4-bfb8514f87d is underway! Object
​ Medical Checkup for Person #d8e4656-2a4c-1cab-ade4-bfb8514f87d is underway! Object
​ Food Distribution for Person #0707b5f-be3f-ebb-fed-f63eea6ee17 is underway! Object
​ Medical Checkup for Person #d8e4656-2a4c-1cab-ade4-bfb8514f87d is underway! Object
​ Food Distribution for Person #0707b5f-be3f-ebb-fed-f63eea6ee17 is underway! Object
​ Medical Checkup for Person #d8e4656-2a4c-1cab-ade4-bfb8514f87d is underway! Object
​ Food Distribution for Person #0707b5f-be3f-ebb-fed-f63eea6ee17 is underway! Object
​ Medical Checkup for Person #d8e4656-2a4c-1cab-ade4-bfb8514f87d is underway! Object
​ Food Distribution for Person #0707b5f-be3f-ebb-fed-f63eea6ee17 is underway! Object
​ Medical Checkup for Person #d8e4656-2a4c-1cab-ade4-bfb8514f87d is underway! Object
​ Food Distribution for Person #0707b5f-be3f-ebb-fed-f63eea6ee17 is underway! Object
​ Medical Checkup for Person #d8e4656-2a4c-1cab-ade4-bfb8514f87d is underway! Object
​ Object
​ Food Distribution for Person #0707b5f-be3f-ebb-fed-f63eea6ee17 is underway! Object
​ Food Distribution for Person #0707b5f-be3f-ebb-fed-f63eea6ee17 is underway! Object
​ completed 10
​ Medical Checkup for Person #a7aa174-ae64-ffeb-a315-2f0cf7d4cc0 is underway! Object
​ Food Distribution for Person #0707b5f-be3f-ebb-fed-f63eea6ee17 is underway! Object
​ Medical Checkup for Person #a7aa174-ae64-ffeb-a315-2f0cf7d4cc0 is underway! Object
​ Food Distribution for Person #0707b5f-be3f-ebb-fed-f63eea6ee17 is underway! Object
​ completed 11
​ added 17
​ Medical Checkup for Person #a7aa174-ae64-ffeb-a315-2f0cf7d4cc0 is underway! Object
​ Food Distribution for Person #0707b5f-be3f-ebb-fed-f63eea6ee17 is underway! Object
​ Medical Checkup for Person #a7aa174-ae64-ffeb-a315-2f0cf7d4cc0 is underway! Object
​ Food Distribution for Person #0707b5f-be3f-ebb-fed-f63eea6ee17 is underway! Object
​ Medical Checkup for Person #a7aa174-ae64-ffeb-a315-2f0cf7d4cc0 is underway! Object
​ Food Distribution for Person #0707b5f-be3f-ebb-fed-f63eea6ee17 is underway! Object
​ Medical Checkup for Person #a7aa174-ae64-ffeb-a315-2f0cf7d4cc0 is underway! Object
​ Food Distribution for Person #0707b5f-be3f-ebb-fed-f63eea6ee17 is underway! Object
​ Medical Checkup for Person #a7aa174-ae64-ffeb-a315-2f0cf7d4cc0 is underway! Object
​ Food Distribution for Person #0707b5f-be3f-ebb-fed-f63eea6ee17 is underway! Object
​ Medical Checkup for Person #a7aa174-ae64-ffeb-a315-2f0cf7d4cc0 is underway! Object
​ Food Distribution for Person #0707b5f-be3f-ebb-fed-f63eea6ee17 is underway! Object
​ Medical Checkup for Person #a7aa174-ae64-ffeb-a315-2f0cf7d4cc0 is underway! Object
​ Food Distribution for Person #0707b5f-be3f-ebb-fed-f63eea6ee17 is underway! Object
​ Medical Checkup for Person #a7aa174-ae64-ffeb-a315-2f0cf7d4cc0 is underway! Object
​ Food Distribution for Person #0707b5f-be3f-ebb-fed-f63eea6ee17 is underway! Object
​ Medical Checkup for Person #a7aa174-ae64-ffeb-a315-2f0cf7d4cc0 is underway! Object
​ Food Distribution for Person #0707b5f-be3f-ebb-fed-f63eea6ee17 is underway! Object
​ Medical Checkup for Person #a7aa174-ae64-ffeb-a315-2f0cf7d4cc0 is underway! Object
​ Food Distribution for Person #0707b5f-be3f-ebb-fed-f63eea6ee17 is underway! Object
​ Medical Checkup for Person #a7aa174-ae64-ffeb-a315-2f0cf7d4cc0 is underway! Object
​ Food Distribution for Person #0707b5f-be3f-ebb-fed-f63eea6ee17 is underway! Object
​ Object
​ Medical Checkup for Person #a7aa174-ae64-ffeb-a315-2f0cf7d4cc0 is underway! Object
​ Medical Checkup for Person #a7aa174-ae64-ffeb-a315-2f0cf7d4cc0 is underway! Object
​ Food Distribution for Person #d8e4656-2a4c-1cab-ade4-bfb8514f87d is underway! Object
​ Medical Checkup for Person #a7aa174-ae64-ffeb-a315-2f0cf7d4cc0 is underway! Object
​ Object
​ Food Distribution for Person #d8e4656-2a4c-1cab-ade4-bfb8514f87d is underway! Object
​ Food Distribution for Person #d8e4656-2a4c-1cab-ade4-bfb8514f87d is underway! Object
​ Medical Checkup for Person #3a70222-c75-e2ef-32ca-aa1ed01bd81 is underway! Object
​ Food Distribution for Person #d8e4656-2a4c-1cab-ade4-bfb8514f87d is underway! Object
​ Medical Checkup for Person #3a70222-c75-e2ef-32ca-aa1ed01bd81 is underway! Object
​ added 18
​ Food Distribution for Person #d8e4656-2a4c-1cab-ade4-bfb8514f87d is underway! Object
​ Medical Checkup for Person #3a70222-c75-e2ef-32ca-aa1ed01bd81 is underway! Object
​ Food Distribution for Person #d8e4656-2a4c-1cab-ade4-bfb8514f87d is underway! Object
​ Medical Checkup for Person #3a70222-c75-e2ef-32ca-aa1ed01bd81 is underway! Object
​ Food Distribution for Person #d8e4656-2a4c-1cab-ade4-bfb8514f87d is underway! Object
​ Medical Checkup for Person #3a70222-c75-e2ef-32ca-aa1ed01bd81 is underway! Object
​ Food Distribution for Person #d8e4656-2a4c-1cab-ade4-bfb8514f87d is underway! Object
​ Medical Checkup for Person #3a70222-c75-e2ef-32ca-aa1ed01bd81 is underway! Object
​ Food Distribution for Person #d8e4656-2a4c-1cab-ade4-bfb8514f87d is underway! Object
​ Medical Checkup for Person #3a70222-c75-e2ef-32ca-aa1ed01bd81 is underway! Object
​ Food Distribution for Person #d8e4656-2a4c-1cab-ade4-bfb8514f87d is underway! Object
​ Medical Checkup for Person #3a70222-c75-e2ef-32ca-aa1ed01bd81 is underway! Object
​ Food Distribution for Person #d8e4656-2a4c-1cab-ade4-bfb8514f87d is underway! Object
​ Medical Checkup for Person #3a70222-c75-e2ef-32ca-aa1ed01bd81 is underway! Object
​ Food Distribution for Person #d8e4656-2a4c-1cab-ade4-bfb8514f87d is underway! Object
​ Medical Checkup for Person #3a70222-c75-e2ef-32ca-aa1ed01bd81 is underway! Object
​ Food Distribution for Person #d8e4656-2a4c-1cab-ade4-bfb8514f87d is underway! Object
​ Medical Checkup for Person #3a70222-c75-e2ef-32ca-aa1ed01bd81 is underway! Object
​ Food Distribution for Person #d8e4656-2a4c-1cab-ade4-bfb8514f87d is underway! Object
​ Medical Checkup for Person #3a70222-c75-e2ef-32ca-aa1ed01bd81 is underway! Object
​ Food Distribution for Person #d8e4656-2a4c-1cab-ade4-bfb8514f87d is underway! Object
​ Medical Checkup for Person #3a70222-c75-e2ef-32ca-aa1ed01bd81 is underway! Object
​ Food Distribution for Person #d8e4656-2a4c-1cab-ade4-bfb8514f87d is underway! Object
​ Medical Checkup for Person #3a70222-c75-e2ef-32ca-aa1ed01bd81 is underway! Object
​ Food Distribution for Person #d8e4656-2a4c-1cab-ade4-bfb8514f87d is underway! Object
​ Medical Checkup for Person #3a70222-c75-e2ef-32ca-aa1ed01bd81 is underway! Object
​ Food Distribution for Person #d8e4656-2a4c-1cab-ade4-bfb8514f87d is underway! Object
​ Medical Checkup for Person #3a70222-c75-e2ef-32ca-aa1ed01bd81 is underway! Object
​ Food Distribution for Person #d8e4656-2a4c-1cab-ade4-bfb8514f87d is underway! Object
​ Medical Checkup for Person #3a70222-c75-e2ef-32ca-aa1ed01bd81 is underway! Object
​ Object
​ Food Distribution for Person #d8e4656-2a4c-1cab-ade4-bfb8514f87d is underway! Object
​ Object
​ Medical Checkup for Person #7cf0b7-a3c-452-c786-8b7bcb114ed is underway! Object
​ Food Distribution for Person #d7bd301-76b-85f2-d2de-b432a8eb7d23 is underway! Object
​ Medical Checkup for Person #7cf0b7-a3c-452-c786-8b7bcb114ed is underway! Object
​ added 19
​ Food Distribution for Person #d7bd301-76b-85f2-d2de-b432a8eb7d23 is underway! Object
​ Medical Checkup for Person #7cf0b7-a3c-452-c786-8b7bcb114ed is underway! Object
​ Food Distribution for Person #d7bd301-76b-85f2-d2de-b432a8eb7d23 is underway! Object
​ completed 12
​ Medical Checkup for Person #7cf0b7-a3c-452-c786-8b7bcb114ed is underway! Object
​ Food Distribution for Person #d7bd301-76b-85f2-d2de-b432a8eb7d23 is underway! Object
​ Medical Checkup for Person #7cf0b7-a3c-452-c786-8b7bcb114ed is underway! Object
​ Food Distribution for Person #d7bd301-76b-85f2-d2de-b432a8eb7d23 is underway! Object
​ Medical Checkup for Person #7cf0b7-a3c-452-c786-8b7bcb114ed is underway! Object
​ Food Distribution for Person #d7bd301-76b-85f2-d2de-b432a8eb7d23 is underway! Object
​ Medical Checkup for Person #7cf0b7-a3c-452-c786-8b7bcb114ed is underway! Object
​ Food Distribution for Person #d7bd301-76b-85f2-d2de-b432a8eb7d23 is underway! Object
​ Medical Checkup for Person #7cf0b7-a3c-452-c786-8b7bcb114ed is underway! Object
​ Food Distribution for Person #d7bd301-76b-85f2-d2de-b432a8eb7d23 is underway! Object
​ Medical Checkup for Person #7cf0b7-a3c-452-c786-8b7bcb114ed is underway! Object
​ Food Distribution for Person #d7bd301-76b-85f2-d2de-b432a8eb7d23 is underway! Object
​ Medical Checkup for Person #7cf0b7-a3c-452-c786-8b7bcb114ed is underway! Object
​ Food Distribution for Person #d7bd301-76b-85f2-d2de-b432a8eb7d23 is underway! Object
​ Medical Checkup for Person #7cf0b7-a3c-452-c786-8b7bcb114ed is underway! Object
​ Object
​ Food Distribution for Person #d7bd301-76b-85f2-d2de-b432a8eb7d23 is underway! Object
​ Food Distribution for Person #d7bd301-76b-85f2-d2de-b432a8eb7d23 is underway! Object
​ Food Distribution for Person #d7bd301-76b-85f2-d2de-b432a8eb7d23 is underway! Object
​ Food Distribution for Person #d7bd301-76b-85f2-d2de-b432a8eb7d23 is underway! Object
​ added 20
​ Food Distribution for Person #d7bd301-76b-85f2-d2de-b432a8eb7d23 is underway! Object
​ Food Distribution for Person #d7bd301-76b-85f2-d2de-b432a8eb7d23 is underway! Object
​ Food Distribution for Person #d7bd301-76b-85f2-d2de-b432a8eb7d23 is underway! Object
​ Food Distribution for Person #d7bd301-76b-85f2-d2de-b432a8eb7d23 is underway! Object
​ Food Distribution for Person #d7bd301-76b-85f2-d2de-b432a8eb7d23 is underway! Object
​ Food Distribution for Person #d7bd301-76b-85f2-d2de-b432a8eb7d23 is underway! Object
​ Object
​ completed 13
​ Food Distribution for Person #a7aa174-ae64-ffeb-a315-2f0cf7d4cc0 is underway! Object
​ Food Distribution for Person #a7aa174-ae64-ffeb-a315-2f0cf7d4cc0 is underway! Object
​ Food Distribution for Person #a7aa174-ae64-ffeb-a315-2f0cf7d4cc0 is underway! Object
​ Food Distribution for Person #a7aa174-ae64-ffeb-a315-2f0cf7d4cc0 is underway! Object
​ Food Distribution for Person #a7aa174-ae64-ffeb-a315-2f0cf7d4cc0 is underway! Object
​ Food Distribution for Person #a7aa174-ae64-ffeb-a315-2f0cf7d4cc0 is underway! Object
​ Food Distribution for Person #a7aa174-ae64-ffeb-a315-2f0cf7d4cc0 is underway! Object
​ completed 14
​ Food Distribution for Person #a7aa174-ae64-ffeb-a315-2f0cf7d4cc0 is underway! Object
​ Food Distribution for Person #a7aa174-ae64-ffeb-a315-2f0cf7d4cc0 is underway! Object
​ Food Distribution for Person #a7aa174-ae64-ffeb-a315-2f0cf7d4cc0 is underway! Object
​ Food Distribution for Person #a7aa174-ae64-ffeb-a315-2f0cf7d4cc0 is underway! Object
​ Food Distribution for Person #a7aa174-ae64-ffeb-a315-2f0cf7d4cc0 is underway! Object
​ Food Distribution for Person #a7aa174-ae64-ffeb-a315-2f0cf7d4cc0 is underway! Object
​ Food Distribution for Person #a7aa174-ae64-ffeb-a315-2f0cf7d4cc0 is underway! Object
​ Food Distribution for Person #a7aa174-ae64-ffeb-a315-2f0cf7d4cc0 is underway! Object
​ Food Distribution for Person #a7aa174-ae64-ffeb-a315-2f0cf7d4cc0 is underway! Object
​ Food Distribution for Person #a7aa174-ae64-ffeb-a315-2f0cf7d4cc0 is underway! Object
​ Food Distribution for Person #a7aa174-ae64-ffeb-a315-2f0cf7d4cc0 is underway! Object
​ Food Distribution for Person #a7aa174-ae64-ffeb-a315-2f0cf7d4cc0 is underway! Object
​ completed 15
​ Food Distribution for Person #a7aa174-ae64-ffeb-a315-2f0cf7d4cc0 is underway! Object
​ Object
​ Food Distribution for Person #1300ba-5e53-a4e4-c13-7e5cc687cd is underway! Object
​ Food Distribution for Person #1300ba-5e53-a4e4-c13-7e5cc687cd is underway! Object
​ Food Distribution for Person #1300ba-5e53-a4e4-c13-7e5cc687cd is underway! Object
​ Food Distribution for Person #1300ba-5e53-a4e4-c13-7e5cc687cd is underway! Object
​ Food Distribution for Person #1300ba-5e53-a4e4-c13-7e5cc687cd is underway! Object
​ Food Distribution for Person #1300ba-5e53-a4e4-c13-7e5cc687cd is underway! Object
​ Food Distribution for Person #1300ba-5e53-a4e4-c13-7e5cc687cd is underway! Object
​ Food Distribution for Person #1300ba-5e53-a4e4-c13-7e5cc687cd is underway! Object
​ Food Distribution for Person #1300ba-5e53-a4e4-c13-7e5cc687cd is underway! Object
​ Food Distribution for Person #1300ba-5e53-a4e4-c13-7e5cc687cd is underway! Object
Map.js:381 Food Distribution for Person #1300ba-5e53-a4e4-c13-7e5cc687cd is underway! Object
Map.js:381 Food Distribution for Person #1300ba-5e53-a4e4-c13-7e5cc687cd is underway! Object
Map.js:381 Food Distribution for Person #1300ba-5e53-a4e4-c13-7e5cc687cd is underway! Object
Map.js:381 Food Distribution for Person #1300ba-5e53-a4e4-c13-7e5cc687cd is underway! Object
Map.js:381 Food Distribution for Person #1300ba-5e53-a4e4-c13-7e5cc687cd is underway! Object
Map.js:381 Food Distribution for Person #1300ba-5e53-a4e4-c13-7e5cc687cd is underway! Object
Map.js:381 Food Distribution for Person #1300ba-5e53-a4e4-c13-7e5cc687cd is underway! Object
algorithms.js:35 Object
Map.js:381 Food Distribution for Person #3a70222-c75-e2ef-32ca-aa1ed01bd81 is underway! Object
Map.js:769 completed 16
Map.js:381 Food Distribution for Person #3a70222-c75-e2ef-32ca-aa1ed01bd81 is underway! Object
Map.js:381 Food Distribution for Person #3a70222-c75-e2ef-32ca-aa1ed01bd81 is underway! Object
Map.js:381 Food Distribution for Person #3a70222-c75-e2ef-32ca-aa1ed01bd81 is underway! Object
Map.js:381 Food Distribution for Person #3a70222-c75-e2ef-32ca-aa1ed01bd81 is underway! Object
Map.js:381 Food Distribution for Person #3a70222-c75-e2ef-32ca-aa1ed01bd81 is underway! Object
Map.js:381 Food Distribution for Person #3a70222-c75-e2ef-32ca-aa1ed01bd81 is underway! Object
Map.js:381 Food Distribution for Person #3a70222-c75-e2ef-32ca-aa1ed01bd81 is underway! Object
Map.js:381 Food Distribution for Person #3a70222-c75-e2ef-32ca-aa1ed01bd81 is underway! Object
Map.js:381 Food Distribution for Person #3a70222-c75-e2ef-32ca-aa1ed01bd81 is underway! Object
Map.js:381 Food Distribution for Person #3a70222-c75-e2ef-32ca-aa1ed01bd81 is underway! Object
Map.js:381 Food Distribution for Person #3a70222-c75-e2ef-32ca-aa1ed01bd81 is underway! Object
Map.js:381 Food Distribution for Person #3a70222-c75-e2ef-32ca-aa1ed01bd81 is underway! Object
Map.js:381 Food Distribution for Person #3a70222-c75-e2ef-32ca-aa1ed01bd81 is underway! Object
Map.js:381 Food Distribution for Person #3a70222-c75-e2ef-32ca-aa1ed01bd81 is underway! Object
Map.js:381 Food Distribution for Person #3a70222-c75-e2ef-32ca-aa1ed01bd81 is underway! Object
Map.js:381 Food Distribution for Person #3a70222-c75-e2ef-32ca-aa1ed01bd81 is underway! Object
Map.js:381 Food Distribution for Person #3a70222-c75-e2ef-32ca-aa1ed01bd81 is underway! Object
Map.js:381 Food Distribution for Person #3a70222-c75-e2ef-32ca-aa1ed01bd81 is underway! Object
Map.js:381 Food Distribution for Person #3a70222-c75-e2ef-32ca-aa1ed01bd81 is underway! Object
algorithms.js:35 Object
Map.js:381 Food Distribution for Person #7cf0b7-a3c-452-c786-8b7bcb114ed is underway! Object
Map.js:381 Food Distribution for Person #7cf0b7-a3c-452-c786-8b7bcb114ed is underway! Object
Map.js:381 Food Distribution for Person #7cf0b7-a3c-452-c786-8b7bcb114ed is underway! Object
Map.js:381 Food Distribution for Person #7cf0b7-a3c-452-c786-8b7bcb114ed is underway! Object
Map.js:381 Food Distribution for Person #7cf0b7-a3c-452-c786-8b7bcb114ed is underway! Object
Map.js:381 Food Distribution for Person #7cf0b7-a3c-452-c786-8b7bcb114ed is underway! Object
Map.js:381 Food Distribution for Person #7cf0b7-a3c-452-c786-8b7bcb114ed is underway! Object
Map.js:381 Food Distribution for Person #7cf0b7-a3c-452-c786-8b7bcb114ed is underway! Object
Map.js:381 Food Distribution for Person #7cf0b7-a3c-452-c786-8b7bcb114ed is underway! Object
Map.js:381 Food Distribution for Person #7cf0b7-a3c-452-c786-8b7bcb114ed is underway! Object
Map.js:381 Food Distribution for Person #7cf0b7-a3c-452-c786-8b7bcb114ed is underway! Object
Map.js:381 Food Distribution for Person #7cf0b7-a3c-452-c786-8b7bcb114ed is underway! Object
Map.js:381 Food Distribution for Person #7cf0b7-a3c-452-c786-8b7bcb114ed is underway! Object
Map.js:381 Food Distribution for Person #7cf0b7-a3c-452-c786-8b7bcb114ed is underway! Object
Map.js:381 Food Distribution for Person #7cf0b7-a3c-452-c786-8b7bcb114ed is underway! Object
Map.js:381 Food Distribution for Person #7cf0b7-a3c-452-c786-8b7bcb114ed is underway! Object
Map.js:381 Food Distribution for Person #7cf0b7-a3c-452-c786-8b7bcb114ed is underway! Object
Map.js:381 Food Distribution for Person #7cf0b7-a3c-452-c786-8b7bcb114ed is underway! Object
Map.js:381 Food Distribution for Person #7cf0b7-a3c-452-c786-8b7bcb114ed is underway! Object
Map.js:381 Food Distribution for Person #7cf0b7-a3c-452-c786-8b7bcb114ed is underway! Object
algorithms.js:35 Object
Map.js:769 completed 17
Map.js:769 completed 18
Map.js:769 completed 19
App.js:27 ObjectdeadCount: 0evacuation: (3) [{…}, {…}, {…}]firstAid: {df1088-f25-bc7-6378-e6333f45fca: {…}, 0707b5f-be3f-ebb-fed-f63eea6ee17: {…}, 7cf0b7-a3c-452-c786-8b7bcb114ed: {…}, fbe58fc-30fe-b4d6-0325-dbe11ed37507: {…}, d8e4656-2a4c-1cab-ade4-bfb8514f87d: {…}, …}foodCollection: (3) [{…}, {…}, {…}]foodDistribution: {df1088-f25-bc7-6378-e6333f45fca: {…}, 0707b5f-be3f-ebb-fed-f63eea6ee17: {…}, 7cf0b7-a3c-452-c786-8b7bcb114ed: {…}, fbe58fc-30fe-b4d6-0325-dbe11ed37507: {…}, d8e4656-2a4c-1cab-ade4-bfb8514f87d: {…}, …}medicalCamp: {df1088-f25-bc7-6378-e6333f45fca: {…}, 0707b5f-be3f-ebb-fed-f63eea6ee17: {…}, 7cf0b7-a3c-452-c786-8b7bcb114ed: {…}, fbe58fc-30fe-b4d6-0325-dbe11ed37507: {…}, d8e4656-2a4c-1cab-ade4-bfb8514f87d: {…}, …}survivorsCount: 0timeTaken: 0__proto__: Object
index.js:1 Warning: Legacy context API has been detected within a strict-mode tree.

The old API will be supported in all 16.x releases, but applications using it should migrate to the new version.

Please update the following components: Transition

Learn more about this warning here: https://reactjs.org/link/legacy-context
    at Transition (http://localhost:3000/static/js/vendors~main.chunk.js:128266:30)
    at Fade (http://localhost:3000/static/js/vendors~main.chunk.js:121378:19)
    at div
    at Portal (http://localhost:3000/static/js/vendors~main.chunk.js:124525:29)
    at Modal (http://localhost:3000/static/js/vendors~main.chunk.js:122760:30)
    at div
    at App (http://localhost:3000/static/js/main.chunk.js:176:101)
console.<computed> @ index.js:1
overrideMethod @ VM52 react_devtools_backend.js:2560
printWarning @ react-dom.development.js:67
error @ react-dom.development.js:43
(anonymous) @ react-dom.development.js:11587
push../node_modules/react-dom/cjs/react-dom.development.js.ReactStrictModeWarnings.flushLegacyContextWarning @ react-dom.development.js:11571
flushRenderPhaseStrictModeWarningsInDEV @ react-dom.development.js:23819
commitRootImpl @ react-dom.development.js:23005
unstable_runWithPriority @ scheduler.development.js:468
runWithPriority$1 @ react-dom.development.js:11276
commitRoot @ react-dom.development.js:22990
performSyncWorkOnRoot @ react-dom.development.js:22329
(anonymous) @ react-dom.development.js:11327
unstable_runWithPriority @ scheduler.development.js:468
runWithPriority$1 @ react-dom.development.js:11276
flushSyncCallbackQueueImpl @ react-dom.development.js:11322
flushSyncCallbackQueue @ react-dom.development.js:11309
scheduleUpdateOnFiber @ react-dom.development.js:21893
dispatchAction @ react-dom.development.js:16139
executePhaseActions @ Map.js:795
(anonymous) @ Map.js:515
index.js:1 Warning: findDOMNode is deprecated in StrictMode. findDOMNode was passed an instance of Transition which is inside StrictMode. Instead, add a ref directly to the element you want to reference. Learn more about using refs safely here: https://reactjs.org/link/strict-mode-find-node
    at div
    at Transition (http://localhost:3000/static/js/vendors~main.chunk.js:128266:30)
    at Fade (http://localhost:3000/static/js/vendors~main.chunk.js:121378:19)
    at div
    at Portal (http://localhost:3000/static/js/vendors~main.chunk.js:124525:29)
    at Modal (http://localhost:3000/static/js/vendors~main.chunk.js:122760:30)
    at div
    at App (http://localhost:3000/static/js/main.chunk.js:176:101)
console.<computed> @ index.js:1
overrideMethod @ VM52 react_devtools_backend.js:2560
printWarning @ react-dom.development.js:67
error @ react-dom.development.js:43
findHostInstanceWithWarning @ react-dom.development.js:25406
findDOMNode @ react-dom.development.js:26067
updateStatus @ Transition.js:255
componentDidMount @ Transition.js:200
commitLifeCycles @ react-dom.development.js:20663
commitLayoutEffects @ react-dom.development.js:23426
callCallback @ react-dom.development.js:3945
invokeGuardedCallbackDev @ react-dom.development.js:3994
invokeGuardedCallback @ react-dom.development.js:4056
commitRootImpl @ react-dom.development.js:23151
unstable_runWithPriority @ scheduler.development.js:468
runWithPriority$1 @ react-dom.development.js:11276
commitRoot @ react-dom.development.js:22990
performSyncWorkOnRoot @ react-dom.development.js:22329
(anonymous) @ react-dom.development.js:11327
unstable_runWithPriority @ scheduler.development.js:468
runWithPriority$1 @ react-dom.development.js:11276
flushSyncCallbackQueueImpl @ react-dom.development.js:11322
flushSyncCallbackQueue @ react-dom.development.js:11309
scheduleUpdateOnFiber @ react-dom.development.js:21893
dispatchAction @ react-dom.development.js:16139
executePhaseActions @ Map.js:795
(anonymous) @ Map.js:515
DevTools failed to load SourceMap: Could not load content for chrome-extension://fheoggkfdfchfphceeifdbepaooicaho/sourceMap/chrome/content.map: HTTP error: status code 404, net::ERR_UNKNOWN_URL_SCHEME
